<?xml version="1.0" encoding="UTF-8"?>
<testsuite xmlns:xsi="http://www.w3.org/2001/XMLSchema-instance" xsi:noNamespaceSchemaLocation="https://maven.apache.org/surefire/maven-surefire-plugin/xsd/surefire-test-report-3.0.xsd" version="3.0" name="com.demo.EurekaServerDemoApplicationTests" time="14.949" tests="1" errors="0" skipped="0" failures="0">
  <properties>
[...]
</properties>
  <testcase name="contextLoads" classname="com.demo.EurekaServerDemoApplicationTests" time="2.596">
    <system-out><![CDATA[10:22:14.727 [main] INFO org.springframework.test.context.support.AnnotationConfigContextLoaderUtils -- Could not detect default configuration classes for test class [com.demo.EurekaServerDemoApplicationTests]: EurekaServerDemoApplicationTests does not declare any static, non-private, non-final, nested classes annotated with @Configuration.
10:22:15.005 [main] INFO org.springframework.boot.test.context.SpringBootTestContextBootstrapper -- Found @SpringBootConfiguration com.demo.EurekaServerDemoApplication for test class com.demo.EurekaServerDemoApplicationTests

  .   ____          _            __ _ _
 /\\ / ___'_ __ _ _(_)_ __  __ _ \ \ \ \
( ( )\___ | '_ | '_| | '_ \/ _` | \ \ \ \
 \\/  ___)| |_)| | | | | || (_| |  ) ) ) )
  '  |____| .__|_| |_|_| |_\__, | / / / /
 =========|_|==============|___/=/_/_/_/
 :: Spring Boot ::                (v3.1.8)

2024-02-16T10:22:16.503-05:00  INFO 13640 --- [           main] c.demo.EurekaServerDemoApplicationTests  : Starting EurekaServerDemoApplicationTests using Java 17.0.7 with PID 13640 (started by swath in C:\Users\swath\Documents\workspace-spring-tool-suite-4-4.21.0.RELEASE\eureka-server-demo)
2024-02-16T10:22:16.508-05:00  INFO 13640 --- [           main] c.demo.EurekaServerDemoApplicationTests  : No active profile set, falling back to 1 default profile: "default"
2024-02-16T10:22:19.738-05:00  INFO 13640 --- [           main] o.s.cloud.context.scope.GenericScope     : BeanFactory id=1a524eea-23bd-3d44-834c-8262b8996f91
2024-02-16T10:22:23.770-05:00  WARN 13640 --- [           main] iguration$LoadBalancerCaffeineWarnLogger : Spring Cloud LoadBalancer is currently working with the default cache. While this cache implementation is useful for development and tests, it's recommended to use Caffeine cache in production.You can switch to using Caffeine cache, by adding it and org.springframework.cache.caffeine.CaffeineCacheManager to the classpath.
2024-02-16T10:22:24.327-05:00  INFO 13640 --- [           main] o.s.c.n.eureka.InstanceInfoFactory       : Setting initial instance status as: STARTING
2024-02-16T10:22:24.437-05:00  INFO 13640 --- [           main] com.netflix.discovery.DiscoveryClient    : Initializing Eureka in region us-east-1
2024-02-16T10:22:24.442-05:00  INFO 13640 --- [           main] com.netflix.discovery.DiscoveryClient    : Client configured to neither register nor query for data.
2024-02-16T10:22:24.473-05:00  INFO 13640 --- [           main] com.netflix.discovery.DiscoveryClient    : Discovery Client initialized at timestamp 1708096944471 with initial instances count: 0
2024-02-16T10:22:24.648-05:00  INFO 13640 --- [           main] c.n.eureka.DefaultEurekaServerContext    : Initializing ...
2024-02-16T10:22:24.652-05:00  INFO 13640 --- [           main] c.n.eureka.cluster.PeerEurekaNodes       : Adding new peer nodes [http://localhost:8761/eureka/]
2024-02-16T10:22:25.248-05:00  INFO 13640 --- [           main] c.n.d.provider.DiscoveryJerseyProvider   : Using JSON encoding codec LegacyJacksonJson
2024-02-16T10:22:25.249-05:00  INFO 13640 --- [           main] c.n.d.provider.DiscoveryJerseyProvider   : Using JSON decoding codec LegacyJacksonJson
2024-02-16T10:22:25.249-05:00  INFO 13640 --- [           main] c.n.d.provider.DiscoveryJerseyProvider   : Using XML encoding codec XStreamXml
2024-02-16T10:22:25.249-05:00  INFO 13640 --- [           main] c.n.d.provider.DiscoveryJerseyProvider   : Using XML decoding codec XStreamXml
2024-02-16T10:22:25.686-05:00  INFO 13640 --- [           main] c.n.eureka.cluster.PeerEurekaNodes       : Replica node URL:  http://localhost:8761/eureka/
2024-02-16T10:22:25.720-05:00  INFO 13640 --- [           main] c.n.e.registry.AbstractInstanceRegistry  : Finished initializing remote region registries. All known remote regions: []
2024-02-16T10:22:25.722-05:00  INFO 13640 --- [           main] c.n.eureka.DefaultEurekaServerContext    : Initialized
2024-02-16T10:22:26.168-05:00  INFO 13640 --- [           main] o.s.b.a.e.web.EndpointLinksResolver      : Exposing 1 endpoint(s) beneath base path '/actuator'
2024-02-16T10:22:26.287-05:00  INFO 13640 --- [           main] o.s.c.n.e.s.EurekaServiceRegistry        : Registering application UNKNOWN with eureka with status UP
2024-02-16T10:22:26.349-05:00  INFO 13640 --- [      Thread-10] o.s.c.n.e.server.EurekaServerBootstrap   : isAws returned false
2024-02-16T10:22:26.350-05:00  INFO 13640 --- [      Thread-10] o.s.c.n.e.server.EurekaServerBootstrap   : Initialized server context
2024-02-16T10:22:26.351-05:00  INFO 13640 --- [      Thread-10] c.n.e.r.PeerAwareInstanceRegistryImpl    : Got 1 instances from neighboring DS node
2024-02-16T10:22:26.351-05:00  INFO 13640 --- [      Thread-10] c.n.e.r.PeerAwareInstanceRegistryImpl    : Renew threshold is: 1
2024-02-16T10:22:26.351-05:00  INFO 13640 --- [      Thread-10] c.n.e.r.PeerAwareInstanceRegistryImpl    : Changing status to UP
2024-02-16T10:22:26.375-05:00  INFO 13640 --- [           main] c.demo.EurekaServerDemoApplicationTests  : Started EurekaServerDemoApplicationTests in 10.879 seconds (process running for 13.583)
2024-02-16T10:22:26.386-05:00  INFO 13640 --- [      Thread-10] e.s.EurekaServerInitializerConfiguration : Started Eureka Server
]]></system-out>
  </testcase>
</testsuite>